{"C:\\MAMP\\htdocs\\FKP\\FSP\\www\\spec\\jasmine-runner.js":{"path":"C:\\MAMP\\htdocs\\FKP\\FSP\\www\\spec\\jasmine-runner.js","s":{"1":1,"2":1,"3":1,"4":1,"5":1,"6":1,"7":1,"8":1,"9":1,"10":1},"b":{},"f":{"1":15},"fnMap":{"1":{"name":"(anonymous_1)","line":3,"loc":{"start":{"line":3,"column":11},"end":{"line":3,"column":22}}}},"statementMap":{"1":{"start":{"line":1,"column":0},"end":{"line":1,"column":33}},"2":{"start":{"line":2,"column":0},"end":{"line":2,"column":52}},"3":{"start":{"line":3,"column":0},"end":{"line":3,"column":25}},"4":{"start":{"line":4,"column":0},"end":{"line":4,"column":29}},"5":{"start":{"line":6,"column":0},"end":{"line":26,"column":1}},"6":{"start":{"line":28,"column":0},"end":{"line":28,"column":28}},"7":{"start":{"line":29,"column":0},"end":{"line":29,"column":48}},"8":{"start":{"line":30,"column":0},"end":{"line":30,"column":56}},"9":{"start":{"line":31,"column":0},"end":{"line":31,"column":25}},"10":{"start":{"line":32,"column":0},"end":{"line":32,"column":18}}},"branchMap":{}},"C:\\MAMP\\htdocs\\FKP\\FSP\\www\\app\\Routes\\FinanceStructure\\spec\\finance_spec.js":{"path":"C:\\MAMP\\htdocs\\FKP\\FSP\\www\\app\\Routes\\FinanceStructure\\spec\\finance_spec.js","s":{"1":1,"2":1,"3":1,"4":3,"5":24,"6":21,"7":21,"8":1,"9":4,"10":3,"11":1,"12":2,"13":1,"14":1,"15":1,"16":0,"17":0,"18":1,"19":1,"20":2,"21":1,"22":1,"23":1,"24":1,"25":1,"26":1,"27":1,"28":1,"29":1,"30":1,"31":1,"32":1,"33":1,"34":1,"35":1,"36":1,"37":1,"38":1,"39":1,"40":1,"41":1,"42":1,"43":1},"b":{"1":[3,3],"2":[3,0],"3":[1,1],"4":[0,1]},"f":{"1":3,"2":4,"3":1,"4":1,"5":1,"6":1},"fnMap":{"1":{"name":"nodesEqual","line":4,"loc":{"start":{"line":4,"column":0},"end":{"line":4,"column":25}}},"2":{"name":"objectTreesEqual","line":8,"loc":{"start":{"line":8,"column":0},"end":{"line":8,"column":34}}},"3":{"name":"(anonymous_3)","line":27,"loc":{"start":{"line":27,"column":36},"end":{"line":27,"column":47}}},"4":{"name":"(anonymous_4)","line":28,"loc":{"start":{"line":28,"column":32},"end":{"line":28,"column":43}}},"5":{"name":"(anonymous_5)","line":33,"loc":{"start":{"line":33,"column":39},"end":{"line":33,"column":50}}},"6":{"name":"(anonymous_6)","line":38,"loc":{"start":{"line":38,"column":23},"end":{"line":38,"column":34}}}},"statementMap":{"1":{"start":{"line":1,"column":0},"end":{"line":1,"column":59}},"2":{"start":{"line":2,"column":0},"end":{"line":2,"column":40}},"3":{"start":{"line":4,"column":0},"end":{"line":6,"column":1}},"4":{"start":{"line":5,"column":2},"end":{"line":5,"column":94}},"5":{"start":{"line":5,"column":35},"end":{"line":5,"column":48}},"6":{"start":{"line":5,"column":63},"end":{"line":5,"column":79}},"7":{"start":{"line":5,"column":92},"end":{"line":5,"column":93}},"8":{"start":{"line":8,"column":0},"end":{"line":10,"column":1}},"9":{"start":{"line":9,"column":2},"end":{"line":9,"column":134}},"10":{"start":{"line":9,"column":30},"end":{"line":9,"column":132}},"11":{"start":{"line":12,"column":0},"end":{"line":25,"column":1}},"12":{"start":{"line":13,"column":2},"end":{"line":24,"column":3}},"13":{"start":{"line":14,"column":4},"end":{"line":21,"column":7}},"14":{"start":{"line":15,"column":6},"end":{"line":15,"column":85}},"15":{"start":{"line":16,"column":6},"end":{"line":19,"column":7}},"16":{"start":{"line":17,"column":8},"end":{"line":17,"column":71}},"17":{"start":{"line":18,"column":8},"end":{"line":18,"column":55}},"18":{"start":{"line":20,"column":6},"end":{"line":20,"column":34}},"19":{"start":{"line":23,"column":4},"end":{"line":23,"column":141}},"20":{"start":{"line":23,"column":39},"end":{"line":23,"column":139}},"21":{"start":{"line":27,"column":0},"end":{"line":61,"column":3}},"22":{"start":{"line":28,"column":2},"end":{"line":31,"column":5}},"23":{"start":{"line":29,"column":4},"end":{"line":29,"column":39}},"24":{"start":{"line":30,"column":4},"end":{"line":30,"column":90}},"25":{"start":{"line":33,"column":2},"end":{"line":36,"column":5}},"26":{"start":{"line":34,"column":4},"end":{"line":34,"column":48}},"27":{"start":{"line":35,"column":4},"end":{"line":35,"column":90}},"28":{"start":{"line":38,"column":2},"end":{"line":41,"column":5}},"29":{"start":{"line":39,"column":4},"end":{"line":39,"column":33}},"30":{"start":{"line":40,"column":4},"end":{"line":40,"column":76}},"31":{"start":{"line":43,"column":2},"end":{"line":52,"column":5}},"32":{"start":{"line":44,"column":4},"end":{"line":44,"column":43}},"33":{"start":{"line":45,"column":4},"end":{"line":45,"column":49}},"34":{"start":{"line":46,"column":4},"end":{"line":46,"column":61}},"35":{"start":{"line":47,"column":4},"end":{"line":47,"column":43}},"36":{"start":{"line":48,"column":4},"end":{"line":48,"column":94}},"37":{"start":{"line":49,"column":4},"end":{"line":49,"column":102}},"38":{"start":{"line":50,"column":4},"end":{"line":50,"column":112}},"39":{"start":{"line":51,"column":4},"end":{"line":51,"column":94}},"40":{"start":{"line":54,"column":2},"end":{"line":56,"column":4}},"41":{"start":{"line":55,"column":4},"end":{"line":55,"column":63}},"42":{"start":{"line":58,"column":2},"end":{"line":60,"column":4}},"43":{"start":{"line":59,"column":4},"end":{"line":59,"column":103}}},"branchMap":{"1":{"line":9,"type":"binary-expr","locations":[{"start":{"line":9,"column":30},"end":{"line":9,"column":54}},{"start":{"line":9,"column":59},"end":{"line":9,"column":131}}]},"2":{"line":9,"type":"cond-expr","locations":[{"start":{"line":9,"column":76},"end":{"line":9,"column":124}},{"start":{"line":9,"column":127},"end":{"line":9,"column":131}}]},"3":{"line":13,"type":"if","locations":[{"start":{"line":13,"column":2},"end":{"line":13,"column":2}},{"start":{"line":13,"column":2},"end":{"line":13,"column":2}}]},"4":{"line":16,"type":"if","locations":[{"start":{"line":16,"column":6},"end":{"line":16,"column":6}},{"start":{"line":16,"column":6},"end":{"line":16,"column":6}}]}}},"C:\\MAMP\\htdocs\\FKP\\FSP\\www\\app\\Routes\\FinanceStructure\\financeStructureHelper.js":{"path":"C:\\MAMP\\htdocs\\FKP\\FSP\\www\\app\\Routes\\FinanceStructure\\financeStructureHelper.js","s":{"1":1,"2":7,"3":7,"4":6,"5":2,"6":2,"7":2,"8":1,"9":1,"10":1,"11":3,"12":3,"13":3,"14":1,"15":1,"16":7,"17":1,"18":4,"19":3,"20":3,"21":3,"22":1,"23":0,"24":0,"25":0,"26":1,"27":2,"28":3,"29":1,"30":1,"31":1,"32":4,"33":1,"34":2,"35":2,"36":4,"37":1,"38":1,"39":1,"40":6,"41":1,"42":3,"43":1,"44":3,"45":1,"46":1,"47":1,"48":3,"49":1},"b":{"1":[6,1],"2":[2,1,3],"3":[0,1],"4":[1,0],"5":[0,0]},"f":{"1":7,"2":4,"3":0,"4":2,"5":1,"6":1,"7":1},"fnMap":{"1":{"name":"getNodeInfo","line":3,"loc":{"start":{"line":3,"column":0},"end":{"line":3,"column":40}}},"2":{"name":"traverseTree","line":27,"loc":{"start":{"line":27,"column":0},"end":{"line":27,"column":41}}},"3":{"name":"appendHrefs","line":35,"loc":{"start":{"line":35,"column":0},"end":{"line":35,"column":56}}},"4":{"name":"sumObject","line":42,"loc":{"start":{"line":42,"column":0},"end":{"line":42,"column":24}}},"5":{"name":"prepareSection","line":46,"loc":{"start":{"line":46,"column":0},"end":{"line":46,"column":33}}},"6":{"name":"getFinanceTables","line":60,"loc":{"start":{"line":60,"column":0},"end":{"line":60,"column":36}}},"7":{"name":"makeIdList","line":72,"loc":{"start":{"line":72,"column":0},"end":{"line":72,"column":25}}}},"statementMap":{"1":{"start":{"line":3,"column":0},"end":{"line":25,"column":1}},"2":{"start":{"line":4,"column":2},"end":{"line":4,"column":15}},"3":{"start":{"line":5,"column":2},"end":{"line":23,"column":3}},"4":{"start":{"line":6,"column":4},"end":{"line":19,"column":5}},"5":{"start":{"line":8,"column":6},"end":{"line":8,"column":54}},"6":{"start":{"line":9,"column":6},"end":{"line":9,"column":32}},"7":{"start":{"line":10,"column":6},"end":{"line":10,"column":12}},"8":{"start":{"line":12,"column":6},"end":{"line":12,"column":56}},"9":{"start":{"line":13,"column":6},"end":{"line":13,"column":35}},"10":{"start":{"line":14,"column":6},"end":{"line":14,"column":12}},"11":{"start":{"line":16,"column":6},"end":{"line":16,"column":54}},"12":{"start":{"line":17,"column":6},"end":{"line":17,"column":32}},"13":{"start":{"line":18,"column":6},"end":{"line":18,"column":12}},"14":{"start":{"line":21,"column":4},"end":{"line":21,"column":90}},"15":{"start":{"line":22,"column":4},"end":{"line":22,"column":141}},"16":{"start":{"line":24,"column":2},"end":{"line":24,"column":13}},"17":{"start":{"line":27,"column":0},"end":{"line":33,"column":1}},"18":{"start":{"line":28,"column":2},"end":{"line":32,"column":4}},"19":{"start":{"line":29,"column":4},"end":{"line":29,"column":91}},"20":{"start":{"line":30,"column":4},"end":{"line":30,"column":56}},"21":{"start":{"line":31,"column":4},"end":{"line":31,"column":15}},"22":{"start":{"line":35,"column":0},"end":{"line":39,"column":1}},"23":{"start":{"line":36,"column":2},"end":{"line":36,"column":63}},"24":{"start":{"line":37,"column":2},"end":{"line":37,"column":31}},"25":{"start":{"line":38,"column":2},"end":{"line":38,"column":59}},"26":{"start":{"line":42,"column":0},"end":{"line":44,"column":1}},"27":{"start":{"line":43,"column":2},"end":{"line":43,"column":86}},"28":{"start":{"line":43,"column":51},"end":{"line":43,"column":81}},"29":{"start":{"line":46,"column":0},"end":{"line":58,"column":1}},"30":{"start":{"line":47,"column":2},"end":{"line":47,"column":18}},"31":{"start":{"line":48,"column":2},"end":{"line":48,"column":52}},"32":{"start":{"line":48,"column":29},"end":{"line":48,"column":52}},"33":{"start":{"line":49,"column":3},"end":{"line":56,"column":5}},"34":{"start":{"line":51,"column":6},"end":{"line":51,"column":24}},"35":{"start":{"line":52,"column":6},"end":{"line":55,"column":9}},"36":{"start":{"line":54,"column":8},"end":{"line":54,"column":64}},"37":{"start":{"line":57,"column":2},"end":{"line":57,"column":16}},"38":{"start":{"line":60,"column":0},"end":{"line":70,"column":1}},"39":{"start":{"line":61,"column":2},"end":{"line":63,"column":4}},"40":{"start":{"line":62,"column":4},"end":{"line":62,"column":103}},"41":{"start":{"line":64,"column":2},"end":{"line":64,"column":76}},"42":{"start":{"line":64,"column":43},"end":{"line":64,"column":74}},"43":{"start":{"line":65,"column":2},"end":{"line":65,"column":69}},"44":{"start":{"line":65,"column":39},"end":{"line":65,"column":67}},"45":{"start":{"line":66,"column":2},"end":{"line":69,"column":4}},"46":{"start":{"line":72,"column":0},"end":{"line":74,"column":1}},"47":{"start":{"line":73,"column":2},"end":{"line":73,"column":30}},"48":{"start":{"line":73,"column":24},"end":{"line":73,"column":28}},"49":{"start":{"line":76,"column":0},"end":{"line":84,"column":2}}},"branchMap":{"1":{"line":5,"type":"if","locations":[{"start":{"line":5,"column":2},"end":{"line":5,"column":2}},{"start":{"line":5,"column":2},"end":{"line":5,"column":2}}]},"2":{"line":6,"type":"switch","locations":[{"start":{"line":7,"column":4},"end":{"line":10,"column":12}},{"start":{"line":11,"column":4},"end":{"line":14,"column":12}},{"start":{"line":15,"column":4},"end":{"line":18,"column":12}}]},"3":{"line":22,"type":"cond-expr","locations":[{"start":{"line":22,"column":44},"end":{"line":22,"column":53}},{"start":{"line":22,"column":56},"end":{"line":22,"column":140}}]},"4":{"line":22,"type":"cond-expr","locations":[{"start":{"line":22,"column":80},"end":{"line":22,"column":92}},{"start":{"line":22,"column":95},"end":{"line":22,"column":140}}]},"5":{"line":22,"type":"cond-expr","locations":[{"start":{"line":22,"column":119},"end":{"line":22,"column":128}},{"start":{"line":22,"column":131},"end":{"line":22,"column":140}}]}}},"C:\\MAMP\\htdocs\\FKP\\FSP\\www\\app\\Routes\\FinanceStructure\\spec\\testData.js":{"path":"C:\\MAMP\\htdocs\\FKP\\FSP\\www\\app\\Routes\\FinanceStructure\\spec\\testData.js","s":{"1":1,"2":1,"3":1,"4":1,"5":1,"6":1,"7":1,"8":1,"9":1,"10":1},"b":{},"f":{},"fnMap":{},"statementMap":{"1":{"start":{"line":1,"column":0},"end":{"line":226,"column":1}},"2":{"start":{"line":228,"column":0},"end":{"line":249,"column":1}},"3":{"start":{"line":251,"column":0},"end":{"line":265,"column":1}},"4":{"start":{"line":267,"column":0},"end":{"line":281,"column":1}},"5":{"start":{"line":283,"column":0},"end":{"line":297,"column":1}},"6":{"start":{"line":299,"column":0},"end":{"line":312,"column":1}},"7":{"start":{"line":314,"column":0},"end":{"line":323,"column":1}},"8":{"start":{"line":325,"column":0},"end":{"line":333,"column":1}},"9":{"start":{"line":335,"column":0},"end":{"line":401,"column":3}},"10":{"start":{"line":403,"column":0},"end":{"line":413,"column":1}}},"branchMap":{}}}