TN:
SF:C:\MAMP\htdocs\FKP\FSP\www\spec\jasmine-runner.js
FN:3,(anonymous_1)
FNF:1
FNH:1
FNDA:15,(anonymous_1)
DA:1,1
DA:2,1
DA:3,1
DA:4,1
DA:6,1
DA:28,1
DA:29,1
DA:30,1
DA:31,1
DA:32,1
LF:10
LH:10
BRF:0
BRH:0
end_of_record
TN:
SF:C:\MAMP\htdocs\FKP\FSP\www\app\Routes\FinanceStructure\spec\finance_spec.js
FN:4,nodesEqual
FN:8,objectTreesEqual
FN:27,(anonymous_3)
FN:28,(anonymous_4)
FN:33,(anonymous_5)
FN:38,(anonymous_6)
FNF:6
FNH:6
FNDA:3,nodesEqual
FNDA:4,objectTreesEqual
FNDA:1,(anonymous_3)
FNDA:1,(anonymous_4)
FNDA:1,(anonymous_5)
FNDA:1,(anonymous_6)
DA:1,1
DA:2,1
DA:4,1
DA:5,24
DA:8,1
DA:9,4
DA:12,1
DA:13,2
DA:14,1
DA:15,1
DA:16,1
DA:17,0
DA:18,0
DA:20,1
DA:23,2
DA:27,1
DA:28,1
DA:29,1
DA:30,1
DA:33,1
DA:34,1
DA:35,1
DA:38,1
DA:39,1
DA:40,1
DA:43,1
DA:44,1
DA:45,1
DA:46,1
DA:47,1
DA:48,1
DA:49,1
DA:50,1
DA:51,1
DA:54,1
DA:55,1
DA:58,1
DA:59,1
LF:38
LH:36
BRDA:9,1,0,3
BRDA:9,1,1,3
BRDA:9,2,0,3
BRDA:9,2,1,0
BRDA:13,3,0,1
BRDA:13,3,1,1
BRDA:16,4,0,0
BRDA:16,4,1,1
BRF:8
BRH:6
end_of_record
TN:
SF:C:\MAMP\htdocs\FKP\FSP\www\app\Routes\FinanceStructure\financeStructureHelper.js
FN:3,getNodeInfo
FN:27,traverseTree
FN:35,appendHrefs
FN:42,sumObject
FN:46,prepareSection
FN:60,getFinanceTables
FN:72,makeIdList
FNF:7
FNH:6
FNDA:7,getNodeInfo
FNDA:4,traverseTree
FNDA:0,appendHrefs
FNDA:2,sumObject
FNDA:1,prepareSection
FNDA:1,getFinanceTables
FNDA:1,makeIdList
DA:3,1
DA:4,7
DA:5,7
DA:6,6
DA:8,2
DA:9,2
DA:10,2
DA:12,1
DA:13,1
DA:14,1
DA:16,3
DA:17,3
DA:18,3
DA:21,1
DA:22,1
DA:24,7
DA:27,1
DA:28,4
DA:29,3
DA:30,3
DA:31,3
DA:35,1
DA:36,0
DA:37,0
DA:38,0
DA:42,1
DA:43,3
DA:46,1
DA:47,1
DA:48,4
DA:49,1
DA:51,2
DA:52,2
DA:54,4
DA:57,1
DA:60,1
DA:61,1
DA:62,6
DA:64,3
DA:65,3
DA:66,1
DA:72,1
DA:73,3
DA:76,1
LF:44
LH:41
BRDA:5,1,0,6
BRDA:5,1,1,1
BRDA:6,2,0,2
BRDA:6,2,1,1
BRDA:6,2,2,3
BRDA:22,3,0,0
BRDA:22,3,1,1
BRDA:22,4,0,1
BRDA:22,4,1,0
BRDA:22,5,0,0
BRDA:22,5,1,0
BRF:11
BRH:7
end_of_record
TN:
SF:C:\MAMP\htdocs\FKP\FSP\www\app\Routes\FinanceStructure\spec\testData.js
FNF:0
FNH:0
DA:1,1
DA:228,1
DA:251,1
DA:267,1
DA:283,1
DA:299,1
DA:314,1
DA:325,1
DA:335,1
DA:403,1
LF:10
LH:10
BRF:0
BRH:0
end_of_record
